<?xml version="1.0" encoding="UTF-8" standalone="no"?>
<testsuite errors="0" failures="1" name="io.cucumber.core.plugin.JUnitFormatter" skipped="0" tests="3" time="57.805">
<testcase classname="Signup Feature" name="Ensure Signup Working fine with only mandatory fields" time="13.267">
<failure message="no such element: Unable to locate element: {&quot;method&quot;:&quot;xpath&quot;,&quot;selector&quot;:&quot;/html/body/main/section/div/div[2]/div/p[1]&quot;}&#10;  (Session info: chrome=88.0.4324.146)&#10;For documentation on this error, please visit: https://www.seleniumhq.org/exceptions/no_such_element.html&#10;Build info: version: '3.141.59', revision: 'e82be7d358', time: '2018-11-14T08:17:03'&#10;System info: host: 'DESKTOP-AI45QJO', ip: '9.85.100.12', os.name: 'Windows 10', os.arch: 'amd64', os.version: '10.0', java.version: '1.8.0_271'&#10;Driver info: org.openqa.selenium.chrome.ChromeDriver&#10;Capabilities {acceptInsecureCerts: false, browserName: chrome, browserVersion: 88.0.4324.146, chrome: {chromedriverVersion: 88.0.4324.96 (68dba2d8a0b14..., userDataDir: C:\Users\SUDIPT~1\AppData\L...}, goog:chromeOptions: {debuggerAddress: localhost:53533}, javascriptEnabled: true, networkConnectionEnabled: false, pageLoadStrategy: normal, platform: WINDOWS, platformName: WINDOWS, proxy: Proxy(), setWindowRect: true, strictFileInteractability: false, timeouts: {implicit: 0, pageLoad: 300000, script: 30000}, unhandledPromptBehavior: dismiss and notify, webauthn:extension:largeBlob: true, webauthn:virtualAuthenticators: true}&#10;Session ID: 54e9a2627aba4265dc51907b19000a96&#10;*** Element info: {Using=xpath, value=/html/body/main/section/div/div[2]/div/p[1]}" type="org.openqa.selenium.NoSuchElementException"><![CDATA[Given Open Application......................................................passed
When click signup url.......................................................passed
And Select follow courses in Activity.......................................passed
And Enter First Nane "Munu".................................................passed
And Enter lastNAme "Sen"....................................................passed
And Enter Email id "munusen@gmail.com"......................................passed
And Enter Username "msen"...................................................passed
And Enter Password and confirm password "muse@123"..........................passed
And Click on RegisterButton.................................................passed
Then Registration Successful "Munu Sen".....................................failed

StackTrace:
org.openqa.selenium.NoSuchElementException: no such element: Unable to locate element: {"method":"xpath","selector":"/html/body/main/section/div/div[2]/div/p[1]"}
  (Session info: chrome=88.0.4324.146)
For documentation on this error, please visit: https://www.seleniumhq.org/exceptions/no_such_element.html
Build info: version: '3.141.59', revision: 'e82be7d358', time: '2018-11-14T08:17:03'
System info: host: 'DESKTOP-AI45QJO', ip: '9.85.100.12', os.name: 'Windows 10', os.arch: 'amd64', os.version: '10.0', java.version: '1.8.0_271'
Driver info: org.openqa.selenium.chrome.ChromeDriver
Capabilities {acceptInsecureCerts: false, browserName: chrome, browserVersion: 88.0.4324.146, chrome: {chromedriverVersion: 88.0.4324.96 (68dba2d8a0b14..., userDataDir: C:\Users\SUDIPT~1\AppData\L...}, goog:chromeOptions: {debuggerAddress: localhost:53533}, javascriptEnabled: true, networkConnectionEnabled: false, pageLoadStrategy: normal, platform: WINDOWS, platformName: WINDOWS, proxy: Proxy(), setWindowRect: true, strictFileInteractability: false, timeouts: {implicit: 0, pageLoad: 300000, script: 30000}, unhandledPromptBehavior: dismiss and notify, webauthn:extension:largeBlob: true, webauthn:virtualAuthenticators: true}
Session ID: 54e9a2627aba4265dc51907b19000a96
*** Element info: {Using=xpath, value=/html/body/main/section/div/div[2]/div/p[1]}
	at sun.reflect.NativeConstructorAccessorImpl.newInstance0(Native Method)
	at sun.reflect.NativeConstructorAccessorImpl.newInstance(NativeConstructorAccessorImpl.java:62)
	at sun.reflect.DelegatingConstructorAccessorImpl.newInstance(DelegatingConstructorAccessorImpl.java:45)
	at java.lang.reflect.Constructor.newInstance(Constructor.java:423)
	at org.openqa.selenium.remote.http.W3CHttpResponseCodec.createException(W3CHttpResponseCodec.java:187)
	at org.openqa.selenium.remote.http.W3CHttpResponseCodec.decode(W3CHttpResponseCodec.java:122)
	at org.openqa.selenium.remote.http.W3CHttpResponseCodec.decode(W3CHttpResponseCodec.java:49)
	at org.openqa.selenium.remote.HttpCommandExecutor.execute(HttpCommandExecutor.java:158)
	at org.openqa.selenium.remote.service.DriverCommandExecutor.execute(DriverCommandExecutor.java:83)
	at org.openqa.selenium.remote.RemoteWebDriver.execute(RemoteWebDriver.java:552)
	at org.openqa.selenium.remote.RemoteWebDriver.findElement(RemoteWebDriver.java:323)
	at org.openqa.selenium.remote.RemoteWebDriver.findElementByXPath(RemoteWebDriver.java:428)
	at org.openqa.selenium.By$ByXPath.findElement(By.java:353)
	at org.openqa.selenium.remote.RemoteWebDriver.findElement(RemoteWebDriver.java:315)
	at StepDefinition.step.registration_successful(step.java:86)
	at âœ½.Registration Successful "Munu Sen"(file:///C:/Users/SudiptaSenSarma/git/repository1/MavenCucumber/eLearning/Login.feature:18)
]]></failure>
</testcase>
<testcase classname="Signup Feature" name="Validate the Email" time="18.659">
<system-out><![CDATA[Given Open Application......................................................passed
When Enter UserName "msen"..................................................passed
And Enter Password "muse@123"...............................................passed
And Click on loginButton....................................................passed
And Ensure Successful Login "Munu Sen"......................................passed
Then Ensure Email has been validated "munusen@gmail.com"....................passed
]]></system-out>
</testcase>
<testcase classname="Signup Feature" name="Validate sending Email" time="25.572">
<system-out><![CDATA[Given Open Application......................................................passed
When Enter UserName "msen"..................................................passed
And Enter Password "muse@123"...............................................passed
And Click on loginButton....................................................passed
And Click HomePage..........................................................passed
And Click Compose...........................................................passed
And Enter Email detail......................................................passed
And Click Send Message......................................................passed
Then Validate Mail sent.....................................................passed
]]></system-out>
</testcase>
</testsuite>
